<?xml version="1.0" encoding="utf-8"?><testsuites name="pytest tests"><testsuite name="pytest" errors="0" failures="0" skipped="0" tests="15" time="8.866" timestamp="2026-01-15T13:55:11.481451+00:00" hostname="agent-env-3ff45720-4675-4018-8c32-971299a90da2"><testcase classname="tests.test_chat_api.TestChatAuthentication" name="test_student_login" time="0.318" /><testcase classname="tests.test_chat_api.TestChatAuthentication" name="test_admin_login" time="0.261" /><testcase classname="tests.test_chat_api.TestStudentChatEndpoints" name="test_get_chat_messages_student" time="0.569" /><testcase classname="tests.test_chat_api.TestStudentChatEndpoints" name="test_send_chat_message_student" time="1.102" /><testcase classname="tests.test_chat_api.TestStudentChatEndpoints" name="test_get_chat_conversation_student" time="0.604" /><testcase classname="tests.test_chat_api.TestStudentChatEndpoints" name="test_get_unread_count_student" time="0.572" /><testcase classname="tests.test_chat_api.TestStudentChatEndpoints" name="test_chat_access_without_purchase" time="0.293" /><testcase classname="tests.test_chat_api.TestStudentChatEndpoints" name="test_send_empty_message" time="0.553" /><testcase classname="tests.test_chat_api.TestAdminChatEndpoints" name="test_get_all_conversations_admin" time="0.300" /><testcase classname="tests.test_chat_api.TestAdminChatEndpoints" name="test_get_conversation_messages_admin" time="0.412" /><testcase classname="tests.test_chat_api.TestAdminChatEndpoints" name="test_admin_send_message" time="0.926" /><testcase classname="tests.test_chat_api.TestAdminChatEndpoints" name="test_get_unread_total_admin" time="0.298" /><testcase classname="tests.test_chat_api.TestAdminChatEndpoints" name="test_admin_endpoints_require_admin" time="0.299" /><testcase classname="tests.test_chat_api.TestAdminChatEndpoints" name="test_get_nonexistent_conversation" time="0.331" /><testcase classname="tests.test_chat_api.TestChatIntegration" name="test_full_chat_flow" time="1.973" /></testsuite></testsuites>