<?xml version="1.0" encoding="utf-8"?><testsuites name="pytest tests"><testsuite name="pytest" errors="0" failures="0" skipped="0" tests="13" time="2.231" timestamp="2026-01-14T13:52:45.304899+00:00" hostname="agent-env-3ff45720-4675-4018-8c32-971299a90da2"><testcase classname="tests.test_backend_api.TestHealthAndBasicEndpoints" name="test_modules_all_public" time="0.102" /><testcase classname="tests.test_backend_api.TestAuthentication" name="test_login_success" time="0.261" /><testcase classname="tests.test_backend_api.TestAuthentication" name="test_login_invalid_credentials" time="0.045" /><testcase classname="tests.test_backend_api.TestAuthentication" name="test_auth_me_with_token" time="0.309" /><testcase classname="tests.test_backend_api.TestAuthentication" name="test_auth_me_without_token" time="0.045" /><testcase classname="tests.test_backend_api.TestPreRegistration" name="test_submit_pre_registration_with_phone" time="0.039" /><testcase classname="tests.test_backend_api.TestPreRegistration" name="test_submit_pre_registration_without_phone" time="0.041" /><testcase classname="tests.test_backend_api.TestPreRegistration" name="test_submit_pre_registration_without_license" time="0.038" /><testcase classname="tests.test_backend_api.TestAdminPreRegistrations" name="test_get_pre_registrations" time="0.342" /><testcase classname="tests.test_backend_api.TestAdminPreRegistrations" name="test_get_pre_registrations_unauthorized" time="0.041" /><testcase classname="tests.test_backend_api.TestAdminPreRegistrations" name="test_update_callback_status" time="0.411" /><testcase classname="tests.test_backend_api.TestAdminPreRegistrations" name="test_update_callback_invalid_status" time="0.374" /><testcase classname="tests.test_backend_api.TestModulesEndpoints" name="test_get_all_public_modules" time="0.062" /></testsuite></testsuites>